Thu Apr 29 14:29:28 2021       
+-----------------------------------------------------------------------------+
| NVIDIA-SMI 450.51.06    Driver Version: 450.51.06    CUDA Version: 11.0     |
|-------------------------------+----------------------+----------------------+
| GPU  Name        Persistence-M| Bus-Id        Disp.A | Volatile Uncorr. ECC |
| Fan  Temp  Perf  Pwr:Usage/Cap|         Memory-Usage | GPU-Util  Compute M. |
|                               |                      |               MIG M. |
|===============================+======================+======================|
|   0  Tesla V100-PCIE...  Off  | 00000000:89:00.0 Off |                    0 |
| N/A   34C    P0    32W / 250W |      0MiB / 32510MiB |      0%      Default |
|                               |                      |                  N/A |
+-------------------------------+----------------------+----------------------+
                                                                               
+-----------------------------------------------------------------------------+
| Processes:                                                                  |
|  GPU   GI   CI        PID   Type   Process name                  GPU Memory |
|        ID   ID                                                   Usage      |
|=============================================================================|
|  No running processes found                                                 |
+-----------------------------------------------------------------------------+
the job stary 
  0%|          | 0/832 [00:00<?, ?it/s]Input Files Path : ./benchmarks/FB15K/
The toolkit is importing datasets.
The total of relations is 1345.
The total of entities is 14951.
The total of train triples is 483142.
Input Files Path : ./benchmarks/FB15K/
The total of test triples is 832.
The total of valid triples is 50000.
  7%|▋         | 57/832 [00:00<00:01, 568.00it/s] 14%|█▍        | 118/832 [00:00<00:01, 579.97it/s] 22%|██▏       | 180/832 [00:00<00:01, 590.40it/s] 29%|██▉       | 241/832 [00:00<00:00, 593.41it/s] 36%|███▋      | 303/832 [00:00<00:00, 599.98it/s] 44%|████▎     | 363/832 [00:00<00:00, 598.11it/s] 51%|█████     | 425/832 [00:00<00:00, 603.40it/s] 58%|█████▊    | 484/832 [00:00<00:00, 596.49it/s] 65%|██████▌   | 544/832 [00:00<00:00, 597.13it/s] 73%|███████▎  | 604/832 [00:01<00:00, 596.12it/s] 80%|████████  | 666/832 [00:01<00:00, 601.33it/s] 87%|████████▋ | 726/832 [00:01<00:00, 591.21it/s] 94%|█████████▍| 785/832 [00:01<00:00, 581.72it/s]100%|██████████| 832/832 [00:01<00:00, 590.11it/s]
  0%|          | 0/832 [00:00<?, ?it/s]no type constraint results:
metric:			 MRR 		 MR 		 hit@10 	 hit@3  	 hit@1 
l(raw):			 0.494014 	 253.962738 	 0.754808 	 0.602163 	 0.341346 
r(raw):			 0.496816 	 119.078125 	 0.768029 	 0.620192 	 0.331731 
averaged(raw):		 0.495415 	 186.520432 	 0.761418 	 0.611178 	 0.336538 

l(filter):		 0.515686 	 253.680283 	 0.762019 	 0.632212 	 0.361779 
r(filter):		 0.521358 	 118.760818 	 0.772837 	 0.641827 	 0.359375 
averaged(filter):	 0.518522 	 186.220551 	 0.767428 	 0.637019 	 0.360577 
0.767428
  0%|          | 1/832 [00:00<00:02, 303.87it/s]
read TransE out embedding...
out_transE_entity_emb  ./benchmarks/FB15K/out_transE_entity_embedding100.txt
out_transE_relation_emb  ./benchmarks/FB15K/out_transE_relation_embedding100.txt
entity_embs  ./benchmarks/FB15K/new_init_entity_embedding_id0_des200.txt
relation_embs  ./benchmarks/FB15K/new_init_relation_embedding_id0_des200.txt
read my word embedding input...
entity_embs.shape  (14951, 200)
rel_embs.shape  (1345, 200)

Init fun ....
load my data....
self.ent_embeddings:  200
load pre-out embeddings....
per_out_rel_embed 
 torch.Size([1345, 100])
trainer_run .... 

tester_run .... 

test 1-1: 

0.767427921295166
Triples Classification: 
Accuracy:  0.8473557692307693
Thread:  12.628910064697266
the job end 
